============================= test session starts =============================
platform win32 -- Python 3.13.7, pytest-9.0.2, pluggy-1.6.0 -- C:\Users\joshi\AppData\Local\Programs\Python\Python313\python.exe
cachedir: .pytest_cache
rootdir: C:\Gauri\Hackathon\devion-ai
configfile: pytest.ini
plugins: anyio-4.12.1, langsmith-0.7.4
collecting ... collected 5 items

tests/test_accuracy.py::test_case_unused_import_accuracy FAILED          [ 20%]
tests/test_accuracy.py::test_case_missing_colon_accuracy FAILED          [ 40%]
tests/test_accuracy.py::test_case_logic_error_accuracy FAILED            [ 60%]
tests/test_accuracy.py::test_case_import_error_accuracy FAILED           [ 80%]
tests/test_accuracy.py::test_case_indentation_error_accuracy FAILED      [100%]

================================== FAILURES ===================================
______________________ test_case_unused_import_accuracy _______________________
async def functions are not natively supported.
You need to install a suitable plugin for your async framework, for example:
  - anyio
  - pytest-asyncio
  - pytest-tornasync
  - pytest-trio
  - pytest-twisted
______________________ test_case_missing_colon_accuracy _______________________
async def functions are not natively supported.
You need to install a suitable plugin for your async framework, for example:
  - anyio
  - pytest-asyncio
  - pytest-tornasync
  - pytest-trio
  - pytest-twisted
_______________________ test_case_logic_error_accuracy ________________________
async def functions are not natively supported.
You need to install a suitable plugin for your async framework, for example:
  - anyio
  - pytest-asyncio
  - pytest-tornasync
  - pytest-trio
  - pytest-twisted
_______________________ test_case_import_error_accuracy _______________________
async def functions are not natively supported.
You need to install a suitable plugin for your async framework, for example:
  - anyio
  - pytest-asyncio
  - pytest-tornasync
  - pytest-trio
  - pytest-twisted
____________________ test_case_indentation_error_accuracy _____________________
async def functions are not natively supported.
You need to install a suitable plugin for your async framework, for example:
  - anyio
  - pytest-asyncio
  - pytest-tornasync
  - pytest-trio
  - pytest-twisted
============================== warnings summary ===============================
..\..\..\Users\joshi\AppData\Local\Programs\Python\Python313\Lib\site-packages\pydantic\_internal\_config.py:295
  C:\Users\joshi\AppData\Local\Programs\Python\Python313\Lib\site-packages\pydantic\_internal\_config.py:295: PydanticDeprecatedSince20: Support for class-based `config` is deprecated, use ConfigDict instead. Deprecated in Pydantic V2.0 to be removed in V3.0. See Pydantic V2 Migration Guide at https://errors.pydantic.dev/2.10/migration/
    warnings.warn(DEPRECATION_MESSAGE, DeprecationWarning)

..\..\..\Users\joshi\AppData\Local\Programs\Python\Python313\Lib\site-packages\_pytest\config\__init__.py:1428
  C:\Users\joshi\AppData\Local\Programs\Python\Python313\Lib\site-packages\_pytest\config\__init__.py:1428: PytestConfigWarning: Unknown config option: asyncio_mode
  
    self._warn_or_fail_if_strict(f"Unknown config option: {key}\n")

tests\test_accuracy.py:31
  C:\Gauri\Hackathon\devion-ai\tests\test_accuracy.py:31: PytestUnknownMarkWarning: Unknown pytest.mark.asyncio - is this a typo?  You can register custom marks to avoid this warning - for details, see https://docs.pytest.org/en/stable/how-to/mark.html
    @pytest.mark.asyncio

tests\test_accuracy.py:58
  C:\Gauri\Hackathon\devion-ai\tests\test_accuracy.py:58: PytestUnknownMarkWarning: Unknown pytest.mark.asyncio - is this a typo?  You can register custom marks to avoid this warning - for details, see https://docs.pytest.org/en/stable/how-to/mark.html
    @pytest.mark.asyncio

tests\test_accuracy.py:83
  C:\Gauri\Hackathon\devion-ai\tests\test_accuracy.py:83: PytestUnknownMarkWarning: Unknown pytest.mark.asyncio - is this a typo?  You can register custom marks to avoid this warning - for details, see https://docs.pytest.org/en/stable/how-to/mark.html
    @pytest.mark.asyncio

tests\test_accuracy.py:108
  C:\Gauri\Hackathon\devion-ai\tests\test_accuracy.py:108: PytestUnknownMarkWarning: Unknown pytest.mark.asyncio - is this a typo?  You can register custom marks to avoid this warning - for details, see https://docs.pytest.org/en/stable/how-to/mark.html
    @pytest.mark.asyncio

tests\test_accuracy.py:132
  C:\Gauri\Hackathon\devion-ai\tests\test_accuracy.py:132: PytestUnknownMarkWarning: Unknown pytest.mark.asyncio - is this a typo?  You can register custom marks to avoid this warning - for details, see https://docs.pytest.org/en/stable/how-to/mark.html
    @pytest.mark.asyncio

backend\app\state.py:18
  C:\Gauri\Hackathon\devion-ai\backend\app\state.py:18: PytestCollectionWarning: cannot collect test class 'TestResult' because it has a __init__ constructor (from: tests/test_accuracy.py)
    class TestResult(BaseModel):

-- Docs: https://docs.pytest.org/en/stable/how-to/capture-warnings.html
=========================== short test summary info ===========================
FAILED tests/test_accuracy.py::test_case_unused_import_accuracy - Failed: asy...
FAILED tests/test_accuracy.py::test_case_missing_colon_accuracy - Failed: asy...
FAILED tests/test_accuracy.py::test_case_logic_error_accuracy - Failed: async...
FAILED tests/test_accuracy.py::test_case_import_error_accuracy - Failed: asyn...
FAILED tests/test_accuracy.py::test_case_indentation_error_accuracy - Failed:...
======================== 5 failed, 8 warnings in 0.04s ========================
